g++ -std=c++11 -I/usr/apps/gnu/4.9.3 -c gpu_rel_feature.cpp -fopenmp -std=c++11 -o gpu_rel_feature.o -std=c++11 -O3
gpu_rel_feature.cpp: In member function 'void gpu_rel_feature::calculator(std::vector<instr_info>&, std::ofstream&, bool)':
gpu_rel_feature.cpp:37:8: error: declaration of 'bool signal' shadows a parameter
   bool signal = false;
        ^
gpu_rel_feature.cpp:73:51: error: no match for 'operator==' (operand types are 'std::string {aka std::basic_string<char>}' and 'int')
      if(instr_info_set[i].oprd_line_set[s].arguId == 1){
                                                   ^
gpu_rel_feature.cpp:73:51: note: candidates are:
In file included from /usr/include/c++/4.8.2/bits/stl_algobase.h:64:0,
                 from /usr/include/c++/4.8.2/vector:60,
                 from gpu_rel_feature.h:3,
                 from gpu_rel_feature.cpp:9:
/usr/include/c++/4.8.2/bits/stl_pair.h:214:5: note: template<class _T1, class _T2> constexpr bool std::operator==(const std::pair<_T1, _T2>&, const std::pair<_T1, _T2>&)
     operator==(const pair<_T1, _T2>& __x, const pair<_T1, _T2>& __y)
     ^
/usr/include/c++/4.8.2/bits/stl_pair.h:214:5: note:   template argument deduction/substitution failed:
gpu_rel_feature.cpp:73:54: note:   'std::string {aka std::basic_string<char>}' is not derived from 'const std::pair<_T1, _T2>'
      if(instr_info_set[i].oprd_line_set[s].arguId == 1){
                                                      ^
In file included from /usr/include/c++/4.8.2/bits/stl_algobase.h:67:0,
                 from /usr/include/c++/4.8.2/vector:60,
                 from gpu_rel_feature.h:3,
                 from gpu_rel_feature.cpp:9:
/usr/include/c++/4.8.2/bits/stl_iterator.h:291:5: note: template<class _Iterator> bool std::operator==(const std::reverse_iterator<_Iterator>&, const std::reverse_iterator<_Iterator>&)
     operator==(const reverse_iterator<_Iterator>& __x,
     ^
/usr/include/c++/4.8.2/bits/stl_iterator.h:291:5: note:   template argument deduction/substitution failed:
gpu_rel_feature.cpp:73:54: note:   'std::string {aka std::basic_string<char>}' is not derived from 'const std::reverse_iterator<_Iterator>'
      if(instr_info_set[i].oprd_line_set[s].arguId == 1){
                                                      ^
In file included from /usr/include/c++/4.8.2/bits/stl_algobase.h:67:0,
                 from /usr/include/c++/4.8.2/vector:60,
                 from gpu_rel_feature.h:3,
                 from gpu_rel_feature.cpp:9:
/usr/include/c++/4.8.2/bits/stl_iterator.h:341:5: note: template<class _IteratorL, class _IteratorR> bool std::operator==(const std::reverse_iterator<_Iterator>&, const std::reverse_iterator<_IteratorR>&)
     operator==(const reverse_iterator<_IteratorL>& __x,
     ^
/usr/include/c++/4.8.2/bits/stl_iterator.h:341:5: note:   template argument deduction/substitution failed:
gpu_rel_feature.cpp:73:54: note:   'std::string {aka std::basic_string<char>}' is not derived from 'const std::reverse_iterator<_Iterator>'
      if(instr_info_set[i].oprd_line_set[s].arguId == 1){
                                                      ^
In file included from /usr/include/c++/4.8.2/bits/stl_algobase.h:67:0,
                 from /usr/include/c++/4.8.2/vector:60,
                 from gpu_rel_feature.h:3,
                 from gpu_rel_feature.cpp:9:
/usr/include/c++/4.8.2/bits/stl_iterator.h:1031:5: note: template<class _IteratorL, class _IteratorR> bool std::operator==(const std::move_iterator<_Iterator>&, const std::move_iterator<_IteratorR>&)
     operator==(const move_iterator<_IteratorL>& __x,
     ^
/usr/include/c++/4.8.2/bits/stl_iterator.h:1031:5: note:   template argument deduction/substitution failed:
gpu_rel_feature.cpp:73:54: note:   'std::string {aka std::basic_string<char>}' is not derived from 'const std::move_iterator<_Iterator>'
      if(instr_info_set[i].oprd_line_set[s].arguId == 1){
                                                      ^
In file included from /usr/include/c++/4.8.2/bits/stl_algobase.h:67:0,
                 from /usr/include/c++/4.8.2/vector:60,
                 from gpu_rel_feature.h:3,
                 from gpu_rel_feature.cpp:9:
/usr/include/c++/4.8.2/bits/stl_iterator.h:1037:5: note: template<class _Iterator> bool std::operator==(const std::move_iterator<_Iterator>&, const std::move_iterator<_Iterator>&)
     operator==(const move_iterator<_Iterator>& __x,
     ^
/usr/include/c++/4.8.2/bits/stl_iterator.h:1037:5: note:   template argument deduction/substitution failed:
gpu_rel_feature.cpp:73:54: note:   'std::string {aka std::basic_string<char>}' is not derived from 'const std::move_iterator<_Iterator>'
      if(instr_info_set[i].oprd_line_set[s].arguId == 1){
                                                      ^
In file included from /usr/include/c++/4.8.2/vector:61:0,
                 from gpu_rel_feature.h:3,
                 from gpu_rel_feature.cpp:9:
/usr/include/c++/4.8.2/bits/allocator.h:128:5: note: template<class _T1, class _T2> bool std::operator==(const std::allocator<_Tp1>&, const std::allocator<_T2>&)
     operator==(const allocator<_T1>&, const allocator<_T2>&)
     ^
/usr/include/c++/4.8.2/bits/allocator.h:128:5: note:   template argument deduction/substitution failed:
gpu_rel_feature.cpp:73:54: note:   'std::string {aka std::basic_string<char>}' is not derived from 'const std::allocator<_Tp1>'
      if(instr_info_set[i].oprd_line_set[s].arguId == 1){
                                                      ^
In file included from /usr/include/c++/4.8.2/vector:61:0,
                 from gpu_rel_feature.h:3,
                 from gpu_rel_feature.cpp:9:
/usr/include/c++/4.8.2/bits/allocator.h:133:5: note: template<class _Tp> bool std::operator==(const std::allocator<_Tp1>&, const std::allocator<_Tp1>&)
     operator==(const allocator<_Tp>&, const allocator<_Tp>&)
     ^
/usr/include/c++/4.8.2/bits/allocator.h:133:5: note:   template argument deduction/substitution failed:
gpu_rel_feature.cpp:73:54: note:   'std::string {aka std::basic_string<char>}' is not derived from 'const std::allocator<_Tp1>'
      if(instr_info_set[i].oprd_line_set[s].arguId == 1){
                                                      ^
In file included from /usr/include/c++/4.8.2/vector:64:0,
                 from gpu_rel_feature.h:3,
                 from gpu_rel_feature.cpp:9:
/usr/include/c++/4.8.2/bits/stl_vector.h:1404:5: note: template<class _Tp, class _Alloc> bool std::operator==(const std::vector<_Tp, _Alloc>&, const std::vector<_Tp, _Alloc>&)
     operator==(const vector<_Tp, _Alloc>& __x, const vector<_Tp, _Alloc>& __y)
     ^
/usr/include/c++/4.8.2/bits/stl_vector.h:1404:5: note:   template argument deduction/substitution failed:
gpu_rel_feature.cpp:73:54: note:   'std::string {aka std::basic_string<char>}' is not derived from 'const std::vector<_Tp, _Alloc>'
      if(instr_info_set[i].oprd_line_set[s].arguId == 1){
                                                      ^
In file included from /usr/include/c++/4.8.2/iosfwd:40:0,
                 from /usr/include/c++/4.8.2/ios:38,
                 from /usr/include/c++/4.8.2/istream:38,
                 from /usr/include/c++/4.8.2/fstream:38,
                 from gpu_rel_feature.h:4,
                 from gpu_rel_feature.cpp:9:
/usr/include/c++/4.8.2/bits/postypes.h:216:5: note: template<class _StateT> bool std::operator==(const std::fpos<_StateT>&, const std::fpos<_StateT>&)
     operator==(const fpos<_StateT>& __lhs, const fpos<_StateT>& __rhs)
     ^
/usr/include/c++/4.8.2/bits/postypes.h:216:5: note:   template argument deduction/substitution failed:
gpu_rel_feature.cpp:73:54: note:   'std::string {aka std::basic_string<char>}' is not derived from 'const std::fpos<_StateT>'
      if(instr_info_set[i].oprd_line_set[s].arguId == 1){
                                                      ^
In file included from /usr/include/c++/4.8.2/string:52:0,
                 from /usr/include/c++/4.8.2/bits/locale_classes.h:40,
                 from /usr/include/c++/4.8.2/bits/ios_base.h:41,
                 from /usr/include/c++/4.8.2/ios:42,
                 from /usr/include/c++/4.8.2/istream:38,
                 from /usr/include/c++/4.8.2/fstream:38,
                 from gpu_rel_feature.h:4,
                 from gpu_rel_feature.cpp:9:
/usr/include/c++/4.8.2/bits/basic_string.h:2486:5: note: template<class _CharT, class _Traits, class _Alloc> bool std::operator==(const std::basic_string<_CharT, _Traits, _Alloc>&, const std::basic_string<_CharT, _Traits, _Alloc>&)
     operator==(const basic_string<_CharT, _Traits, _Alloc>& __lhs,
     ^
/usr/include/c++/4.8.2/bits/basic_string.h:2486:5: note:   template argument deduction/substitution failed:
gpu_rel_feature.cpp:73:54: note:   mismatched types 'const std::basic_string<_CharT, _Traits, _Alloc>' and 'int'
      if(instr_info_set[i].oprd_line_set[s].arguId == 1){
                                                      ^
In file included from /usr/include/c++/4.8.2/string:52:0,
                 from /usr/include/c++/4.8.2/bits/locale_classes.h:40,
                 from /usr/include/c++/4.8.2/bits/ios_base.h:41,
                 from /usr/include/c++/4.8.2/ios:42,
                 from /usr/include/c++/4.8.2/istream:38,
                 from /usr/include/c++/4.8.2/fstream:38,
                 from gpu_rel_feature.h:4,
                 from gpu_rel_feature.cpp:9:
/usr/include/c++/4.8.2/bits/basic_string.h:2493:5: note: template<class _CharT> typename __gnu_cxx::__enable_if<std::__is_char<_Tp>::__value, bool>::__type std::operator==(const std::basic_string<_CharT>&, const std::basic_string<_CharT>&)
     operator==(const basic_string<_CharT>& __lhs,
     ^
/usr/include/c++/4.8.2/bits/basic_string.h:2493:5: note:   template argument deduction/substitution failed:
gpu_rel_feature.cpp:73:54: note:   mismatched types 'const std::basic_string<_CharT>' and 'int'
      if(instr_info_set[i].oprd_line_set[s].arguId == 1){
                                                      ^
In file included from /usr/include/c++/4.8.2/string:52:0,
                 from /usr/include/c++/4.8.2/bits/locale_classes.h:40,
                 from /usr/include/c++/4.8.2/bits/ios_base.h:41,
                 from /usr/include/c++/4.8.2/ios:42,
                 from /usr/include/c++/4.8.2/istream:38,
                 from /usr/include/c++/4.8.2/fstream:38,
                 from gpu_rel_feature.h:4,
                 from gpu_rel_feature.cpp:9:
/usr/include/c++/4.8.2/bits/basic_string.h:2507:5: note: template<class _CharT, class _Traits, class _Alloc> bool std::operator==(const _CharT*, const std::basic_string<_CharT, _Traits, _Alloc>&)
     operator==(const _CharT* __lhs,
     ^
/usr/include/c++/4.8.2/bits/basic_string.h:2507:5: note:   template argument deduction/substitution failed:
gpu_rel_feature.cpp:73:54: note:   mismatched types 'const _CharT*' and 'std::basic_string<char>'
      if(instr_info_set[i].oprd_line_set[s].arguId == 1){
                                                      ^
In file included from /usr/include/c++/4.8.2/string:52:0,
                 from /usr/include/c++/4.8.2/bits/locale_classes.h:40,
                 from /usr/include/c++/4.8.2/bits/ios_base.h:41,
                 from /usr/include/c++/4.8.2/ios:42,
                 from /usr/include/c++/4.8.2/istream:38,
                 from /usr/include/c++/4.8.2/fstream:38,
                 from gpu_rel_feature.h:4,
                 from gpu_rel_feature.cpp:9:
/usr/include/c++/4.8.2/bits/basic_string.h:2519:5: note: template<class _CharT, class _Traits, class _Alloc> bool std::operator==(const std::basic_string<_CharT, _Traits, _Alloc>&, const _CharT*)
     operator==(const basic_string<_CharT, _Traits, _Alloc>& __lhs,
     ^
/usr/include/c++/4.8.2/bits/basic_string.h:2519:5: note:   template argument deduction/substitution failed:
gpu_rel_feature.cpp:73:54: note:   mismatched types 'const _CharT*' and 'int'
      if(instr_info_set[i].oprd_line_set[s].arguId == 1){
                                                      ^
In file included from /usr/include/c++/4.8.2/bits/locale_facets.h:48:0,
                 from /usr/include/c++/4.8.2/bits/basic_ios.h:37,
                 from /usr/include/c++/4.8.2/ios:44,
                 from /usr/include/c++/4.8.2/istream:38,
                 from /usr/include/c++/4.8.2/fstream:38,
                 from gpu_rel_feature.h:4,
                 from gpu_rel_feature.cpp:9:
/usr/include/c++/4.8.2/bits/streambuf_iterator.h:204:5: note: template<class _CharT, class _Traits> bool std::operator==(const std::istreambuf_iterator<_CharT, _Traits>&, const std::istreambuf_iterator<_CharT, _Traits>&)
     operator==(const istreambuf_iterator<_CharT, _Traits>& __a,
     ^
/usr/include/c++/4.8.2/bits/streambuf_iterator.h:204:5: note:   template argument deduction/substitution failed:
gpu_rel_feature.cpp:73:54: note:   'std::string {aka std::basic_string<char>}' is not derived from 'const std::istreambuf_iterator<_CharT, _Traits>'
      if(instr_info_set[i].oprd_line_set[s].arguId == 1){
                                                      ^
In file included from /usr/include/c++/4.8.2/map:60:0,
                 from gpu_rel_feature.cpp:11:
/usr/include/c++/4.8.2/bits/stl_tree.h:310:5: note: template<class _Val> bool std::operator==(const std::_Rb_tree_iterator<_Tp>&, const std::_Rb_tree_const_iterator<_Val>&)
     operator==(const _Rb_tree_iterator<_Val>& __x,
     ^
/usr/include/c++/4.8.2/bits/stl_tree.h:310:5: note:   template argument deduction/substitution failed:
gpu_rel_feature.cpp:73:54: note:   'std::string {aka std::basic_string<char>}' is not derived from 'const std::_Rb_tree_iterator<_Tp>'
      if(instr_info_set[i].oprd_line_set[s].arguId == 1){
                                                      ^
In file included from /usr/include/c++/4.8.2/map:60:0,
                 from gpu_rel_feature.cpp:11:
/usr/include/c++/4.8.2/bits/stl_tree.h:907:5: note: template<class _Key, class _Val, class _KeyOfValue, class _Compare, class _Alloc> bool std::operator==(const std::_Rb_tree<_Key, _Val, _KeyOfValue, _Compare, _Alloc>&, const std::_Rb_tree<_Key, _Val, _KeyOfValue, _Compare, _Alloc>&)
     operator==(const _Rb_tree<_Key, _Val, _KeyOfValue, _Compare, _Alloc>& __x,
     ^
/usr/include/c++/4.8.2/bits/stl_tree.h:907:5: note:   template argument deduction/substitution failed:
gpu_rel_feature.cpp:73:54: note:   'std::string {aka std::basic_string<char>}' is not derived from 'const std::_Rb_tree<_Key, _Val, _KeyOfValue, _Compare, _Alloc>'
      if(instr_info_set[i].oprd_line_set[s].arguId == 1){
                                                      ^
In file included from /usr/include/c++/4.8.2/tuple:39:0,
                 from /usr/include/c++/4.8.2/bits/stl_map.h:63,
                 from /usr/include/c++/4.8.2/map:61,
                 from gpu_rel_feature.cpp:11:
/usr/include/c++/4.8.2/array:228:5: note: template<class _Tp, long unsigned int _Nm> bool std::operator==(const std::array<_Tp, _Nm>&, const std::array<_Tp, _Nm>&)
     operator==(const array<_Tp, _Nm>& __one, const array<_Tp, _Nm>& __two)
     ^
/usr/include/c++/4.8.2/array:228:5: note:   template argument deduction/substitution failed:
gpu_rel_feature.cpp:73:54: note:   'std::string {aka std::basic_string<char>}' is not derived from 'const std::array<_Tp, _Nm>'
      if(instr_info_set[i].oprd_line_set[s].arguId == 1){
                                                      ^
In file included from /usr/include/c++/4.8.2/bits/stl_map.h:63:0,
                 from /usr/include/c++/4.8.2/map:61,
                 from gpu_rel_feature.cpp:11:
/usr/include/c++/4.8.2/tuple:813:5: note: template<class ... _TElements, class ... _UElements> constexpr bool std::operator==(const std::tuple<_Args1 ...>&, const std::tuple<_Args2 ...>&)
     operator==(const tuple<_TElements...>& __t,
     ^
/usr/include/c++/4.8.2/tuple:813:5: note:   template argument deduction/substitution failed:
gpu_rel_feature.cpp:73:54: note:   'std::string {aka std::basic_string<char>}' is not derived from 'const std::tuple<_Args1 ...>'
      if(instr_info_set[i].oprd_line_set[s].arguId == 1){
                                                      ^
In file included from /usr/include/c++/4.8.2/map:61:0,
                 from gpu_rel_feature.cpp:11:
/usr/include/c++/4.8.2/bits/stl_map.h:962:5: note: template<class _Key, class _Tp, class _Compare, class _Alloc> bool std::operator==(const std::map<_Key, _Tp, _Compare, _Alloc>&, const std::map<_Key, _Tp, _Compare, _Alloc>&)
     operator==(const map<_Key, _Tp, _Compare, _Alloc>& __x,
     ^
/usr/include/c++/4.8.2/bits/stl_map.h:962:5: note:   template argument deduction/substitution failed:
gpu_rel_feature.cpp:73:54: note:   'std::string {aka std::basic_string<char>}' is not derived from 'const std::map<_Key, _Tp, _Compare, _Alloc>'
      if(instr_info_set[i].oprd_line_set[s].arguId == 1){
                                                      ^
In file included from /usr/include/c++/4.8.2/map:62:0,
                 from gpu_rel_feature.cpp:11:
/usr/include/c++/4.8.2/bits/stl_multimap.h:864:5: note: template<class _Key, class _Tp, class _Compare, class _Alloc> bool std::operator==(const std::multimap<_Key, _Tp, _Compare, _Alloc>&, const std::multimap<_Key, _Tp, _Compare, _Alloc>&)
     operator==(const multimap<_Key, _Tp, _Compare, _Alloc>& __x,
     ^
/usr/include/c++/4.8.2/bits/stl_multimap.h:864:5: note:   template argument deduction/substitution failed:
gpu_rel_feature.cpp:73:54: note:   'std::string {aka std::basic_string<char>}' is not derived from 'const std::multimap<_Key, _Tp, _Compare, _Alloc>'
      if(instr_info_set[i].oprd_line_set[s].arguId == 1){
                                                      ^
In file included from /usr/include/c++/4.8.2/x86_64-redhat-linux/bits/c++allocator.h:33:0,
                 from /usr/include/c++/4.8.2/bits/allocator.h:46,
                 from /usr/include/c++/4.8.2/vector:61,
                 from gpu_rel_feature.h:3,
                 from gpu_rel_feature.cpp:9:
/usr/include/c++/4.8.2/ext/new_allocator.h:139:5: note: template<class _Tp> bool __gnu_cxx::operator==(const __gnu_cxx::new_allocator<_Tp>&, const __gnu_cxx::new_allocator<_Tp>&)
     operator==(const new_allocator<_Tp>&, const new_allocator<_Tp>&)
     ^
/usr/include/c++/4.8.2/ext/new_allocator.h:139:5: note:   template argument deduction/substitution failed:
gpu_rel_feature.cpp:73:54: note:   'std::string {aka std::basic_string<char>}' is not derived from 'const __gnu_cxx::new_allocator<_Tp>'
      if(instr_info_set[i].oprd_line_set[s].arguId == 1){
                                                      ^
In file included from /usr/include/c++/4.8.2/bits/stl_algobase.h:67:0,
                 from /usr/include/c++/4.8.2/vector:60,
                 from gpu_rel_feature.h:3,
                 from gpu_rel_feature.cpp:9:
/usr/include/c++/4.8.2/bits/stl_iterator.h:811:5: note: template<class _Iterator, class _Container> bool __gnu_cxx::operator==(const __gnu_cxx::__normal_iterator<_Iterator, _Container>&, const __gnu_cxx::__normal_iterator<_Iterator, _Container>&)
     operator==(const __normal_iterator<_Iterator, _Container>& __lhs,
     ^
/usr/include/c++/4.8.2/bits/stl_iterator.h:811:5: note:   template argument deduction/substitution failed:
gpu_rel_feature.cpp:73:54: note:   'std::string {aka std::basic_string<char>}' is not derived from 'const __gnu_cxx::__normal_iterator<_Iterator, _Container>'
      if(instr_info_set[i].oprd_line_set[s].arguId == 1){
                                                      ^
In file included from /usr/include/c++/4.8.2/bits/stl_algobase.h:67:0,
                 from /usr/include/c++/4.8.2/vector:60,
                 from gpu_rel_feature.h:3,
                 from gpu_rel_feature.cpp:9:
/usr/include/c++/4.8.2/bits/stl_iterator.h:805:5: note: template<class _IteratorL, class _IteratorR, class _Container> bool __gnu_cxx::operator==(const __gnu_cxx::__normal_iterator<_IteratorL, _Container>&, const __gnu_cxx::__normal_iterator<_IteratorR, _Container>&)
     operator==(const __normal_iterator<_IteratorL, _Container>& __lhs,
     ^
/usr/include/c++/4.8.2/bits/stl_iterator.h:805:5: note:   template argument deduction/substitution failed:
gpu_rel_feature.cpp:73:54: note:   'std::string {aka std::basic_string<char>}' is not derived from 'const __gnu_cxx::__normal_iterator<_IteratorL, _Container>'
      if(instr_info_set[i].oprd_line_set[s].arguId == 1){
                                                      ^
gpu_rel_feature.cpp:77:51: error: no match for 'operator==' (operand types are 'std::string {aka std::basic_string<char>}' and 'int')
      if(instr_info_set[i].oprd_line_set[s].arguId == 3){
                                                   ^
gpu_rel_feature.cpp:77:51: note: candidates are:
In file included from /usr/include/c++/4.8.2/bits/stl_algobase.h:64:0,
                 from /usr/include/c++/4.8.2/vector:60,
                 from gpu_rel_feature.h:3,
                 from gpu_rel_feature.cpp:9:
/usr/include/c++/4.8.2/bits/stl_pair.h:214:5: note: template<class _T1, class _T2> constexpr bool std::operator==(const std::pair<_T1, _T2>&, const std::pair<_T1, _T2>&)
     operator==(const pair<_T1, _T2>& __x, const pair<_T1, _T2>& __y)
     ^
/usr/include/c++/4.8.2/bits/stl_pair.h:214:5: note:   template argument deduction/substitution failed:
gpu_rel_feature.cpp:77:54: note:   'std::string {aka std::basic_string<char>}' is not derived from 'const std::pair<_T1, _T2>'
      if(instr_info_set[i].oprd_line_set[s].arguId == 3){
                                                      ^
In file included from /usr/include/c++/4.8.2/bits/stl_algobase.h:67:0,
                 from /usr/include/c++/4.8.2/vector:60,
                 from gpu_rel_feature.h:3,
                 from gpu_rel_feature.cpp:9:
/usr/include/c++/4.8.2/bits/stl_iterator.h:291:5: note: template<class _Iterator> bool std::operator==(const std::reverse_iterator<_Iterator>&, const std::reverse_iterator<_Iterator>&)
     operator==(const reverse_iterator<_Iterator>& __x,
     ^
/usr/include/c++/4.8.2/bits/stl_iterator.h:291:5: note:   template argument deduction/substitution failed:
gpu_rel_feature.cpp:77:54: note:   'std::string {aka std::basic_string<char>}' is not derived from 'const std::reverse_iterator<_Iterator>'
      if(instr_info_set[i].oprd_line_set[s].arguId == 3){
                                                      ^
In file included from /usr/include/c++/4.8.2/bits/stl_algobase.h:67:0,
                 from /usr/include/c++/4.8.2/vector:60,
                 from gpu_rel_feature.h:3,
                 from gpu_rel_feature.cpp:9:
/usr/include/c++/4.8.2/bits/stl_iterator.h:341:5: note: template<class _IteratorL, class _IteratorR> bool std::operator==(const std::reverse_iterator<_Iterator>&, const std::reverse_iterator<_IteratorR>&)
     operator==(const reverse_iterator<_IteratorL>& __x,
     ^
/usr/include/c++/4.8.2/bits/stl_iterator.h:341:5: note:   template argument deduction/substitution failed:
gpu_rel_feature.cpp:77:54: note:   'std::string {aka std::basic_string<char>}' is not derived from 'const std::reverse_iterator<_Iterator>'
      if(instr_info_set[i].oprd_line_set[s].arguId == 3){
                                                      ^
In file included from /usr/include/c++/4.8.2/bits/stl_algobase.h:67:0,
                 from /usr/include/c++/4.8.2/vector:60,
                 from gpu_rel_feature.h:3,
                 from gpu_rel_feature.cpp:9:
/usr/include/c++/4.8.2/bits/stl_iterator.h:1031:5: note: template<class _IteratorL, class _IteratorR> bool std::operator==(const std::move_iterator<_Iterator>&, const std::move_iterator<_IteratorR>&)
     operator==(const move_iterator<_IteratorL>& __x,
     ^
/usr/include/c++/4.8.2/bits/stl_iterator.h:1031:5: note:   template argument deduction/substitution failed:
gpu_rel_feature.cpp:77:54: note:   'std::string {aka std::basic_string<char>}' is not derived from 'const std::move_iterator<_Iterator>'
      if(instr_info_set[i].oprd_line_set[s].arguId == 3){
                                                      ^
In file included from /usr/include/c++/4.8.2/bits/stl_algobase.h:67:0,
                 from /usr/include/c++/4.8.2/vector:60,
                 from gpu_rel_feature.h:3,
                 from gpu_rel_feature.cpp:9:
/usr/include/c++/4.8.2/bits/stl_iterator.h:1037:5: note: template<class _Iterator> bool std::operator==(const std::move_iterator<_Iterator>&, const std::move_iterator<_Iterator>&)
     operator==(const move_iterator<_Iterator>& __x,
     ^
/usr/include/c++/4.8.2/bits/stl_iterator.h:1037:5: note:   template argument deduction/substitution failed:
gpu_rel_feature.cpp:77:54: note:   'std::string {aka std::basic_string<char>}' is not derived from 'const std::move_iterator<_Iterator>'
      if(instr_info_set[i].oprd_line_set[s].arguId == 3){
                                                      ^
In file included from /usr/include/c++/4.8.2/vector:61:0,
                 from gpu_rel_feature.h:3,
                 from gpu_rel_feature.cpp:9:
/usr/include/c++/4.8.2/bits/allocator.h:128:5: note: template<class _T1, class _T2> bool std::operator==(const std::allocator<_Tp1>&, const std::allocator<_T2>&)
     operator==(const allocator<_T1>&, const allocator<_T2>&)
     ^
/usr/include/c++/4.8.2/bits/allocator.h:128:5: note:   template argument deduction/substitution failed:
gpu_rel_feature.cpp:77:54: note:   'std::string {aka std::basic_string<char>}' is not derived from 'const std::allocator<_Tp1>'
      if(instr_info_set[i].oprd_line_set[s].arguId == 3){
                                                      ^
In file included from /usr/include/c++/4.8.2/vector:61:0,
                 from gpu_rel_feature.h:3,
                 from gpu_rel_feature.cpp:9:
/usr/include/c++/4.8.2/bits/allocator.h:133:5: note: template<class _Tp> bool std::operator==(const std::allocator<_Tp1>&, const std::allocator<_Tp1>&)
     operator==(const allocator<_Tp>&, const allocator<_Tp>&)
     ^
/usr/include/c++/4.8.2/bits/allocator.h:133:5: note:   template argument deduction/substitution failed:
gpu_rel_feature.cpp:77:54: note:   'std::string {aka std::basic_string<char>}' is not derived from 'const std::allocator<_Tp1>'
      if(instr_info_set[i].oprd_line_set[s].arguId == 3){
                                                      ^
In file included from /usr/include/c++/4.8.2/vector:64:0,
                 from gpu_rel_feature.h:3,
                 from gpu_rel_feature.cpp:9:
/usr/include/c++/4.8.2/bits/stl_vector.h:1404:5: note: template<class _Tp, class _Alloc> bool std::operator==(const std::vector<_Tp, _Alloc>&, const std::vector<_Tp, _Alloc>&)
     operator==(const vector<_Tp, _Alloc>& __x, const vector<_Tp, _Alloc>& __y)
     ^
/usr/include/c++/4.8.2/bits/stl_vector.h:1404:5: note:   template argument deduction/substitution failed:
gpu_rel_feature.cpp:77:54: note:   'std::string {aka std::basic_string<char>}' is not derived from 'const std::vector<_Tp, _Alloc>'
      if(instr_info_set[i].oprd_line_set[s].arguId == 3){
                                                      ^
In file included from /usr/include/c++/4.8.2/iosfwd:40:0,
                 from /usr/include/c++/4.8.2/ios:38,
                 from /usr/include/c++/4.8.2/istream:38,
                 from /usr/include/c++/4.8.2/fstream:38,
                 from gpu_rel_feature.h:4,
                 from gpu_rel_feature.cpp:9:
/usr/include/c++/4.8.2/bits/postypes.h:216:5: note: template<class _StateT> bool std::operator==(const std::fpos<_StateT>&, const std::fpos<_StateT>&)
     operator==(const fpos<_StateT>& __lhs, const fpos<_StateT>& __rhs)
     ^
/usr/include/c++/4.8.2/bits/postypes.h:216:5: note:   template argument deduction/substitution failed:
gpu_rel_feature.cpp:77:54: note:   'std::string {aka std::basic_string<char>}' is not derived from 'const std::fpos<_StateT>'
      if(instr_info_set[i].oprd_line_set[s].arguId == 3){
                                                      ^
In file included from /usr/include/c++/4.8.2/string:52:0,
                 from /usr/include/c++/4.8.2/bits/locale_classes.h:40,
                 from /usr/include/c++/4.8.2/bits/ios_base.h:41,
                 from /usr/include/c++/4.8.2/ios:42,
                 from /usr/include/c++/4.8.2/istream:38,
                 from /usr/include/c++/4.8.2/fstream:38,
                 from gpu_rel_feature.h:4,
                 from gpu_rel_feature.cpp:9:
/usr/include/c++/4.8.2/bits/basic_string.h:2486:5: note: template<class _CharT, class _Traits, class _Alloc> bool std::operator==(const std::basic_string<_CharT, _Traits, _Alloc>&, const std::basic_string<_CharT, _Traits, _Alloc>&)
     operator==(const basic_string<_CharT, _Traits, _Alloc>& __lhs,
     ^
/usr/include/c++/4.8.2/bits/basic_string.h:2486:5: note:   template argument deduction/substitution failed:
gpu_rel_feature.cpp:77:54: note:   mismatched types 'const std::basic_string<_CharT, _Traits, _Alloc>' and 'int'
      if(instr_info_set[i].oprd_line_set[s].arguId == 3){
                                                      ^
In file included from /usr/include/c++/4.8.2/string:52:0,
                 from /usr/include/c++/4.8.2/bits/locale_classes.h:40,
                 from /usr/include/c++/4.8.2/bits/ios_base.h:41,
                 from /usr/include/c++/4.8.2/ios:42,
                 from /usr/include/c++/4.8.2/istream:38,
                 from /usr/include/c++/4.8.2/fstream:38,
                 from gpu_rel_feature.h:4,
                 from gpu_rel_feature.cpp:9:
/usr/include/c++/4.8.2/bits/basic_string.h:2493:5: note: template<class _CharT> typename __gnu_cxx::__enable_if<std::__is_char<_Tp>::__value, bool>::__type std::operator==(const std::basic_string<_CharT>&, const std::basic_string<_CharT>&)
     operator==(const basic_string<_CharT>& __lhs,
     ^
/usr/include/c++/4.8.2/bits/basic_string.h:2493:5: note:   template argument deduction/substitution failed:
gpu_rel_feature.cpp:77:54: note:   mismatched types 'const std::basic_string<_CharT>' and 'int'
      if(instr_info_set[i].oprd_line_set[s].arguId == 3){
                                                      ^
In file included from /usr/include/c++/4.8.2/string:52:0,
                 from /usr/include/c++/4.8.2/bits/locale_classes.h:40,
                 from /usr/include/c++/4.8.2/bits/ios_base.h:41,
                 from /usr/include/c++/4.8.2/ios:42,
                 from /usr/include/c++/4.8.2/istream:38,
                 from /usr/include/c++/4.8.2/fstream:38,
                 from gpu_rel_feature.h:4,
                 from gpu_rel_feature.cpp:9:
/usr/include/c++/4.8.2/bits/basic_string.h:2507:5: note: template<class _CharT, class _Traits, class _Alloc> bool std::operator==(const _CharT*, const std::basic_string<_CharT, _Traits, _Alloc>&)
     operator==(const _CharT* __lhs,
     ^
/usr/include/c++/4.8.2/bits/basic_string.h:2507:5: note:   template argument deduction/substitution failed:
gpu_rel_feature.cpp:77:54: note:   mismatched types 'const _CharT*' and 'std::basic_string<char>'
      if(instr_info_set[i].oprd_line_set[s].arguId == 3){
                                                      ^
In file included from /usr/include/c++/4.8.2/string:52:0,
                 from /usr/include/c++/4.8.2/bits/locale_classes.h:40,
                 from /usr/include/c++/4.8.2/bits/ios_base.h:41,
                 from /usr/include/c++/4.8.2/ios:42,
                 from /usr/include/c++/4.8.2/istream:38,
                 from /usr/include/c++/4.8.2/fstream:38,
                 from gpu_rel_feature.h:4,
                 from gpu_rel_feature.cpp:9:
/usr/include/c++/4.8.2/bits/basic_string.h:2519:5: note: template<class _CharT, class _Traits, class _Alloc> bool std::operator==(const std::basic_string<_CharT, _Traits, _Alloc>&, const _CharT*)
     operator==(const basic_string<_CharT, _Traits, _Alloc>& __lhs,
     ^
/usr/include/c++/4.8.2/bits/basic_string.h:2519:5: note:   template argument deduction/substitution failed:
gpu_rel_feature.cpp:77:54: note:   mismatched types 'const _CharT*' and 'int'
      if(instr_info_set[i].oprd_line_set[s].arguId == 3){
                                                      ^
In file included from /usr/include/c++/4.8.2/bits/locale_facets.h:48:0,
                 from /usr/include/c++/4.8.2/bits/basic_ios.h:37,
                 from /usr/include/c++/4.8.2/ios:44,
                 from /usr/include/c++/4.8.2/istream:38,
                 from /usr/include/c++/4.8.2/fstream:38,
                 from gpu_rel_feature.h:4,
                 from gpu_rel_feature.cpp:9:
/usr/include/c++/4.8.2/bits/streambuf_iterator.h:204:5: note: template<class _CharT, class _Traits> bool std::operator==(const std::istreambuf_iterator<_CharT, _Traits>&, const std::istreambuf_iterator<_CharT, _Traits>&)
     operator==(const istreambuf_iterator<_CharT, _Traits>& __a,
     ^
/usr/include/c++/4.8.2/bits/streambuf_iterator.h:204:5: note:   template argument deduction/substitution failed:
gpu_rel_feature.cpp:77:54: note:   'std::string {aka std::basic_string<char>}' is not derived from 'const std::istreambuf_iterator<_CharT, _Traits>'
      if(instr_info_set[i].oprd_line_set[s].arguId == 3){
                                                      ^
In file included from /usr/include/c++/4.8.2/map:60:0,
                 from gpu_rel_feature.cpp:11:
/usr/include/c++/4.8.2/bits/stl_tree.h:310:5: note: template<class _Val> bool std::operator==(const std::_Rb_tree_iterator<_Tp>&, const std::_Rb_tree_const_iterator<_Val>&)
     operator==(const _Rb_tree_iterator<_Val>& __x,
     ^
/usr/include/c++/4.8.2/bits/stl_tree.h:310:5: note:   template argument deduction/substitution failed:
gpu_rel_feature.cpp:77:54: note:   'std::string {aka std::basic_string<char>}' is not derived from 'const std::_Rb_tree_iterator<_Tp>'
      if(instr_info_set[i].oprd_line_set[s].arguId == 3){
                                                      ^
In file included from /usr/include/c++/4.8.2/map:60:0,
                 from gpu_rel_feature.cpp:11:
/usr/include/c++/4.8.2/bits/stl_tree.h:907:5: note: template<class _Key, class _Val, class _KeyOfValue, class _Compare, class _Alloc> bool std::operator==(const std::_Rb_tree<_Key, _Val, _KeyOfValue, _Compare, _Alloc>&, const std::_Rb_tree<_Key, _Val, _KeyOfValue, _Compare, _Alloc>&)
     operator==(const _Rb_tree<_Key, _Val, _KeyOfValue, _Compare, _Alloc>& __x,
     ^
/usr/include/c++/4.8.2/bits/stl_tree.h:907:5: note:   template argument deduction/substitution failed:
gpu_rel_feature.cpp:77:54: note:   'std::string {aka std::basic_string<char>}' is not derived from 'const std::_Rb_tree<_Key, _Val, _KeyOfValue, _Compare, _Alloc>'
      if(instr_info_set[i].oprd_line_set[s].arguId == 3){
                                                      ^
In file included from /usr/include/c++/4.8.2/tuple:39:0,
                 from /usr/include/c++/4.8.2/bits/stl_map.h:63,
                 from /usr/include/c++/4.8.2/map:61,
                 from gpu_rel_feature.cpp:11:
/usr/include/c++/4.8.2/array:228:5: note: template<class _Tp, long unsigned int _Nm> bool std::operator==(const std::array<_Tp, _Nm>&, const std::array<_Tp, _Nm>&)
     operator==(const array<_Tp, _Nm>& __one, const array<_Tp, _Nm>& __two)
     ^
/usr/include/c++/4.8.2/array:228:5: note:   template argument deduction/substitution failed:
gpu_rel_feature.cpp:77:54: note:   'std::string {aka std::basic_string<char>}' is not derived from 'const std::array<_Tp, _Nm>'
      if(instr_info_set[i].oprd_line_set[s].arguId == 3){
                                                      ^
In file included from /usr/include/c++/4.8.2/bits/stl_map.h:63:0,
                 from /usr/include/c++/4.8.2/map:61,
                 from gpu_rel_feature.cpp:11:
/usr/include/c++/4.8.2/tuple:813:5: note: template<class ... _TElements, class ... _UElements> constexpr bool std::operator==(const std::tuple<_Args1 ...>&, const std::tuple<_Args2 ...>&)
     operator==(const tuple<_TElements...>& __t,
     ^
/usr/include/c++/4.8.2/tuple:813:5: note:   template argument deduction/substitution failed:
gpu_rel_feature.cpp:77:54: note:   'std::string {aka std::basic_string<char>}' is not derived from 'const std::tuple<_Args1 ...>'
      if(instr_info_set[i].oprd_line_set[s].arguId == 3){
                                                      ^
In file included from /usr/include/c++/4.8.2/map:61:0,
                 from gpu_rel_feature.cpp:11:
/usr/include/c++/4.8.2/bits/stl_map.h:962:5: note: template<class _Key, class _Tp, class _Compare, class _Alloc> bool std::operator==(const std::map<_Key, _Tp, _Compare, _Alloc>&, const std::map<_Key, _Tp, _Compare, _Alloc>&)
     operator==(const map<_Key, _Tp, _Compare, _Alloc>& __x,
     ^
/usr/include/c++/4.8.2/bits/stl_map.h:962:5: note:   template argument deduction/substitution failed:
gpu_rel_feature.cpp:77:54: note:   'std::string {aka std::basic_string<char>}' is not derived from 'const std::map<_Key, _Tp, _Compare, _Alloc>'
      if(instr_info_set[i].oprd_line_set[s].arguId == 3){
                                                      ^
In file included from /usr/include/c++/4.8.2/map:62:0,
                 from gpu_rel_feature.cpp:11:
/usr/include/c++/4.8.2/bits/stl_multimap.h:864:5: note: template<class _Key, class _Tp, class _Compare, class _Alloc> bool std::operator==(const std::multimap<_Key, _Tp, _Compare, _Alloc>&, const std::multimap<_Key, _Tp, _Compare, _Alloc>&)
     operator==(const multimap<_Key, _Tp, _Compare, _Alloc>& __x,
     ^
/usr/include/c++/4.8.2/bits/stl_multimap.h:864:5: note:   template argument deduction/substitution failed:
gpu_rel_feature.cpp:77:54: note:   'std::string {aka std::basic_string<char>}' is not derived from 'const std::multimap<_Key, _Tp, _Compare, _Alloc>'
      if(instr_info_set[i].oprd_line_set[s].arguId == 3){
                                                      ^
In file included from /usr/include/c++/4.8.2/x86_64-redhat-linux/bits/c++allocator.h:33:0,
                 from /usr/include/c++/4.8.2/bits/allocator.h:46,
                 from /usr/include/c++/4.8.2/vector:61,
                 from gpu_rel_feature.h:3,
                 from gpu_rel_feature.cpp:9:
/usr/include/c++/4.8.2/ext/new_allocator.h:139:5: note: template<class _Tp> bool __gnu_cxx::operator==(const __gnu_cxx::new_allocator<_Tp>&, const __gnu_cxx::new_allocator<_Tp>&)
     operator==(const new_allocator<_Tp>&, const new_allocator<_Tp>&)
     ^
/usr/include/c++/4.8.2/ext/new_allocator.h:139:5: note:   template argument deduction/substitution failed:
gpu_rel_feature.cpp:77:54: note:   'std::string {aka std::basic_string<char>}' is not derived from 'const __gnu_cxx::new_allocator<_Tp>'
      if(instr_info_set[i].oprd_line_set[s].arguId == 3){
                                                      ^
In file included from /usr/include/c++/4.8.2/bits/stl_algobase.h:67:0,
                 from /usr/include/c++/4.8.2/vector:60,
                 from gpu_rel_feature.h:3,
                 from gpu_rel_feature.cpp:9:
/usr/include/c++/4.8.2/bits/stl_iterator.h:811:5: note: template<class _Iterator, class _Container> bool __gnu_cxx::operator==(const __gnu_cxx::__normal_iterator<_Iterator, _Container>&, const __gnu_cxx::__normal_iterator<_Iterator, _Container>&)
     operator==(const __normal_iterator<_Iterator, _Container>& __lhs,
     ^
/usr/include/c++/4.8.2/bits/stl_iterator.h:811:5: note:   template argument deduction/substitution failed:
gpu_rel_feature.cpp:77:54: note:   'std::string {aka std::basic_string<char>}' is not derived from 'const __gnu_cxx::__normal_iterator<_Iterator, _Container>'
      if(instr_info_set[i].oprd_line_set[s].arguId == 3){
                                                      ^
In file included from /usr/include/c++/4.8.2/bits/stl_algobase.h:67:0,
                 from /usr/include/c++/4.8.2/vector:60,
                 from gpu_rel_feature.h:3,
                 from gpu_rel_feature.cpp:9:
/usr/include/c++/4.8.2/bits/stl_iterator.h:805:5: note: template<class _IteratorL, class _IteratorR, class _Container> bool __gnu_cxx::operator==(const __gnu_cxx::__normal_iterator<_IteratorL, _Container>&, const __gnu_cxx::__normal_iterator<_IteratorR, _Container>&)
     operator==(const __normal_iterator<_IteratorL, _Container>& __lhs,
     ^
/usr/include/c++/4.8.2/bits/stl_iterator.h:805:5: note:   template argument deduction/substitution failed:
gpu_rel_feature.cpp:77:54: note:   'std::string {aka std::basic_string<char>}' is not derived from 'const __gnu_cxx::__normal_iterator<_IteratorL, _Container>'
      if(instr_info_set[i].oprd_line_set[s].arguId == 3){
                                                      ^
gpu_rel_feature.cpp:129:26: error: '__gnu_cxx::__alloc_traits<std::allocator<mem_stride> >::value_type' has no member named 'addr_set'
        mem_stride_set[j].addr_set.push_back(tmp_addr);
                          ^
gpu_rel_feature.cpp:178:18: error: invalid operands of types 'float' and 'int' to binary 'operator%'
    if(tmp_stride%2==0){
                  ^
make: *** [gpu_rel_feature.o] Error 1
